<?xml version="1.0" encoding="UTF-8"?>
<!-- Generated by org.testng.reporters.JUnitXMLReporter -->
<testsuite ignored="0" hostname="LAPTOP-1N3TH4EI" failures="1" tests="9" name="Test" time="103.407" errors="0" timestamp="2023-12-25T15:49:59 IST">
  <testcase classname="seleniumPractice.Parallel_Excution_Classes" name="login" time="14.17"/>
  <testcase classname="seleniumPractice.Parallel_Excution_Classes" name="login" time="14.663"/>
  <testcase classname="seleniumPractice.Parallel_Excution_Classes" name="Operation" time="8.41"/>
  <testcase classname="seleniumPractice.Parallel_Excution_Classes" name="Operation" time="70.233"/>
  <testcase classname="seleniumPractice.Parallel_Excution_Classes" name="logout" time="14.892"/>
  <testcase classname="seleniumPractice.Parallel_Excution_Classes" name="logout" time="18.008"/>
  <testcase classname="seleniumPractice.LearningAssertions" name="PramaeterA" time="0.009"/>
  <testcase classname="seleniumPractice.HardAssert_vs_Softassert" name="HardAssertLogic" time="0.038"/>
  <testcase classname="seleniumPractice.HardAssert_vs_Softassert" name="SoftAssertLogic" time="0.045">
    <failure type="java.lang.AssertionError" message="The following asserts failed:
	expected [true] but found [false],
	not equal expected [false] but found [true]">
      <![CDATA[java.lang.AssertionError: The following asserts failed:
expected [true] but found [false],
not equal expected [false] but found [true]
at seleniumPractice.HardAssert_vs_Softassert.SoftAssertLogic(HardAssert_vs_Softassert.java:36)
at java.base/java.util.ArrayList.forEach(ArrayList.java:1541)
... Removed 30 stack frames]]>
    </failure>
  </testcase> <!-- SoftAssertLogic -->
</testsuite> <!-- Test -->
