<?xml version="1.0" encoding="UTF-8"?>
<!-- Generated by org.testng.reporters.JUnitXMLReporter -->
<testsuite ignored="0" hostname="LAPTOP-1N3TH4EI" failures="5" tests="22" name="Testngbatchexecutionf" time="20.23" errors="0" timestamp="2023-12-22T15:37:30 IST">
  <testcase classname="seleniumPractice.Response_code_onListOperation" name="response_on_list" time="8.297">
    <failure type="org.openqa.selenium.remote.http.ConnectionFailedException" message="Unable to establish websocket connection to http://localhost:59731/devtools/browser/33178e66-8fc4-4c3a-a16a-b6796d6cc556
Build info: version: &amp;apos;4.1.1&amp;apos;, revision: &amp;apos;e8fcc2cecf&amp;apos;
System info: host: &amp;apos;LAPTOP-1N3TH4EI&amp;apos;, ip: &amp;apos;192.168.75.1&amp;apos;, os.name: &amp;apos;Windows 11&amp;apos;, os.arch: &amp;apos;amd64&amp;apos;, os.version: &amp;apos;10.0&amp;apos;, java.version: &amp;apos;11.0.14.1&amp;apos;
Driver info: driver.version: ChromeDriver">
      <![CDATA[org.openqa.selenium.remote.http.ConnectionFailedException: Unable to establish websocket connection to http://localhost:59731/devtools/browser/33178e66-8fc4-4c3a-a16a-b6796d6cc556
Build info: version: '4.1.1', revision: 'e8fcc2cecf'
System info: host: 'LAPTOP-1N3TH4EI', ip: '192.168.75.1', os.name: 'Windows 11', os.arch: 'amd64', os.version: '10.0', java.version: '11.0.14.1'
Driver info: driver.version: ChromeDriver
at org.openqa.selenium.remote.http.netty.NettyWebSocket.<init>(NettyWebSocket.java:104)
at org.openqa.selenium.remote.http.netty.NettyWebSocket.lambda$create$3(NettyWebSocket.java:137)
at org.openqa.selenium.remote.http.netty.NettyClient.openSocket(NettyClient.java:118)
at org.openqa.selenium.devtools.Connection.<init>(Connection.java:77)
at org.openqa.selenium.chromium.ChromiumDriver.lambda$new$2(ChromiumDriver.java:124)
at java.base/java.util.Optional.map(Optional.java:265)
at org.openqa.selenium.chromium.ChromiumDriver.<init>(ChromiumDriver.java:122)
at org.openqa.selenium.chrome.ChromeDriver.<init>(ChromeDriver.java:104)
at org.openqa.selenium.chrome.ChromeDriver.<init>(ChromeDriver.java:91)
at org.openqa.selenium.chrome.ChromeDriver.<init>(ChromeDriver.java:46)
at seleniumPractice.Response_code_onListOperation.response_on_list(Response_code_onListOperation.java:23)
at java.base/java.util.ArrayList.forEach(ArrayList.java:1541)
... Removed 27 stack frames]]>
    </failure>
  </testcase> <!-- response_on_list -->
  <testcase classname="data_DataProvider.TestCasesForDataProvider" name="RegisterUser" time="0.002"/>
  <testcase classname="data_DataProvider.TestCasesForDataProvider" name="RegisterUser" time="0.001"/>
  <testcase classname="data_DataProvider.TestCasesForDataProvider" name="RegisterUser" time="0.015"/>
  <testcase classname="data_DataProvider.TestCasesForDataProvider" name="addUser" time="0.001"/>
  <testcase classname="data_DataProvider.TestCasesForDataProvider" name="addUser" time="0.002"/>
  <testcase classname="data_DataProvider.TestCasesForDataProvider" name="addUser" time="0.002"/>
  <testcase classname="data_DataProvider.TestCasesForDataProvider" name="deleteUser" time="0.002"/>
  <testcase classname="data_DataProvider.TestCasesForDataProvider" name="deleteUser" time="0.0"/>
  <testcase classname="data_DataProvider.TestCasesForDataProvider" name="deleteUser" time="0.009"/>
  <testcase classname="seleniumPractice.SoftAssert_learning" name="softTestCaseValidation" time="0.015">
    <failure type="java.lang.AssertionError" message="The following asserts failed:
	expected [true] but found [false]">
      <![CDATA[java.lang.AssertionError: The following asserts failed:
expected [true] but found [false]
at seleniumPractice.SoftAssert_learning.softTestCaseValidation(SoftAssert_learning.java:17)
at java.base/java.util.ArrayList.forEach(ArrayList.java:1541)
... Removed 29 stack frames]]>
    </failure>
  </testcase> <!-- softTestCaseValidation -->
  <testcase classname="seleniumPractice.LearningAssertions" name="PramaeterA" time="0.002"/>
  <testcase classname="seleniumPractice.PartFiveOfMultipleExtraction" name="response_on_list" time="6.32">
    <failure type="org.openqa.selenium.remote.http.ConnectionFailedException" message="Unable to establish websocket connection to http://localhost:59752/devtools/browser/3a459129-3612-45a1-a20a-1dd81abb7cf1
Build info: version: &amp;apos;4.1.1&amp;apos;, revision: &amp;apos;e8fcc2cecf&amp;apos;
System info: host: &amp;apos;LAPTOP-1N3TH4EI&amp;apos;, ip: &amp;apos;192.168.75.1&amp;apos;, os.name: &amp;apos;Windows 11&amp;apos;, os.arch: &amp;apos;amd64&amp;apos;, os.version: &amp;apos;10.0&amp;apos;, java.version: &amp;apos;11.0.14.1&amp;apos;
Driver info: driver.version: ChromeDriver">
      <![CDATA[org.openqa.selenium.remote.http.ConnectionFailedException: Unable to establish websocket connection to http://localhost:59752/devtools/browser/3a459129-3612-45a1-a20a-1dd81abb7cf1
Build info: version: '4.1.1', revision: 'e8fcc2cecf'
System info: host: 'LAPTOP-1N3TH4EI', ip: '192.168.75.1', os.name: 'Windows 11', os.arch: 'amd64', os.version: '10.0', java.version: '11.0.14.1'
Driver info: driver.version: ChromeDriver
at org.openqa.selenium.remote.http.netty.NettyWebSocket.<init>(NettyWebSocket.java:104)
at org.openqa.selenium.remote.http.netty.NettyWebSocket.lambda$create$3(NettyWebSocket.java:137)
at org.openqa.selenium.remote.http.netty.NettyClient.openSocket(NettyClient.java:118)
at org.openqa.selenium.devtools.Connection.<init>(Connection.java:77)
at org.openqa.selenium.chromium.ChromiumDriver.lambda$new$2(ChromiumDriver.java:124)
at java.base/java.util.Optional.map(Optional.java:265)
at org.openqa.selenium.chromium.ChromiumDriver.<init>(ChromiumDriver.java:122)
at org.openqa.selenium.chrome.ChromeDriver.<init>(ChromeDriver.java:104)
at org.openqa.selenium.chrome.ChromeDriver.<init>(ChromeDriver.java:91)
at org.openqa.selenium.chrome.ChromeDriver.<init>(ChromeDriver.java:46)
at seleniumPractice.PartFiveOfMultipleExtraction.response_on_list(PartFiveOfMultipleExtraction.java:23)
at java.base/java.util.ArrayList.forEach(ArrayList.java:1541)
... Removed 27 stack frames]]>
    </failure>
  </testcase> <!-- response_on_list -->
  <testcase classname="seleniumPractice.Handle_Box_elementLinks" name="boxElementHandle" time="4.955">
    <failure type="org.openqa.selenium.remote.http.ConnectionFailedException" message="Unable to establish websocket connection to http://localhost:59770/devtools/browser/bc807d07-9069-4703-8509-f9d1e3bdfb51
Build info: version: &amp;apos;4.1.1&amp;apos;, revision: &amp;apos;e8fcc2cecf&amp;apos;
System info: host: &amp;apos;LAPTOP-1N3TH4EI&amp;apos;, ip: &amp;apos;192.168.75.1&amp;apos;, os.name: &amp;apos;Windows 11&amp;apos;, os.arch: &amp;apos;amd64&amp;apos;, os.version: &amp;apos;10.0&amp;apos;, java.version: &amp;apos;11.0.14.1&amp;apos;
Driver info: driver.version: ChromeDriver">
      <![CDATA[org.openqa.selenium.remote.http.ConnectionFailedException: Unable to establish websocket connection to http://localhost:59770/devtools/browser/bc807d07-9069-4703-8509-f9d1e3bdfb51
Build info: version: '4.1.1', revision: 'e8fcc2cecf'
System info: host: 'LAPTOP-1N3TH4EI', ip: '192.168.75.1', os.name: 'Windows 11', os.arch: 'amd64', os.version: '10.0', java.version: '11.0.14.1'
Driver info: driver.version: ChromeDriver
at org.openqa.selenium.remote.http.netty.NettyWebSocket.<init>(NettyWebSocket.java:104)
at org.openqa.selenium.remote.http.netty.NettyWebSocket.lambda$create$3(NettyWebSocket.java:137)
at org.openqa.selenium.remote.http.netty.NettyClient.openSocket(NettyClient.java:118)
at org.openqa.selenium.devtools.Connection.<init>(Connection.java:77)
at org.openqa.selenium.chromium.ChromiumDriver.lambda$new$2(ChromiumDriver.java:124)
at java.base/java.util.Optional.map(Optional.java:265)
at org.openqa.selenium.chromium.ChromiumDriver.<init>(ChromiumDriver.java:122)
at org.openqa.selenium.chrome.ChromeDriver.<init>(ChromeDriver.java:104)
at org.openqa.selenium.chrome.ChromeDriver.<init>(ChromeDriver.java:91)
at org.openqa.selenium.chrome.ChromeDriver.<init>(ChromeDriver.java:46)
at seleniumPractice.Handle_Box_elementLinks.boxElementHandle(Handle_Box_elementLinks.java:25)
at java.base/java.util.ArrayList.forEach(ArrayList.java:1541)
... Removed 27 stack frames]]>
    </failure>
  </testcase> <!-- boxElementHandle -->
  <testcase classname="seleniumPractice.ITestContextLearning" name="SwitchOn" time="0.002"/>
  <testcase classname="seleniumPractice.ITestContextLearning" name="Operating" time="0.004"/>
  <testcase classname="seleniumPractice.ITestContextLearning" name="SwitchOff" time="0.001"/>
  <testcase classname="seleniumPractice.HardAssert_vs_Softassert" name="HardAssertLogic" time="0.002"/>
  <testcase classname="seleniumPractice.HardAssert_vs_Softassert" name="SoftAssertLogic" time="0.007">
    <failure type="java.lang.AssertionError" message="The following asserts failed:
	expected [true] but found [false],
	not equal expected [false] but found [true]">
      <![CDATA[java.lang.AssertionError: The following asserts failed:
expected [true] but found [false],
not equal expected [false] but found [true]
at seleniumPractice.HardAssert_vs_Softassert.SoftAssertLogic(HardAssert_vs_Softassert.java:36)
at java.base/java.util.ArrayList.forEach(ArrayList.java:1541)
... Removed 29 stack frames]]>
    </failure>
  </testcase> <!-- SoftAssertLogic -->
  <testcase classname="seleniumPractice.DataProviderConcepts" name="RegisteringNewUser" time="0.002"/>
  <testcase classname="seleniumPractice.DataProviderConcepts" name="RegisteringNewUser" time="0.002"/>
  <testcase classname="seleniumPractice.DataProviderConcepts" name="RegisteringNewUser" time="0.001"/>
</testsuite> <!-- Testngbatchexecutionf -->
